# JRE version: OpenJDK Runtime Environment (11.0.17+8) (build 11.0.17+8-post-Ubuntu-1ubuntu218.04)
# Java VM: OpenJDK 64-Bit Server VM (11.0.17+8-post-Ubuntu-1ubuntu218.04, mixed mode, sharing, tiered, compressed oops, g1 gc, linux-amd64)
Heap:
 garbage-first heap   total 478208K, used 240680K [0x000000075c800000, 0x0000000800000000)
  region size 1024K, 52 young (53248K), 0 survivors (0K)
 Metaspace       used 109846K, capacity 112762K, committed 115584K, reserved 1150976K
  class space    used 11431K, capacity 12573K, committed 13440K, reserved 1048576K
GC Heap History (20 events):
Event: 97293.860 GC heap before
{Heap before GC invocations=329 (full 55):
 garbage-first heap   total 478208K, used 419437K [0x000000075c800000, 0x0000000800000000)
  region size 1024K, 225 young (230400K), 3 survivors (3072K)
 Metaspace       used 109831K, capacity 112762K, committed 115584K, reserved 1150976K
  class space    used 11431K, capacity 12573K, committed 13440K, reserved 1048576K
}
Event: 97293.874 GC heap after
{Heap after GC invocations=330 (full 55):
 garbage-first heap   total 478208K, used 191089K [0x000000075c800000, 0x0000000800000000)
  region size 1024K, 2 young (2048K), 2 survivors (2048K)
 Metaspace       used 109831K, capacity 112762K, committed 115584K, reserved 1150976K
  class space    used 11431K, capacity 12573K, committed 13440K, reserved 1048576K
}
Event: 97296.051 GC heap before
{Heap before GC invocations=330 (full 55):
 garbage-first heap   total 478208K, used 333425K [0x000000075c800000, 0x0000000800000000)
  region size 1024K, 142 young (145408K), 2 survivors (2048K)
 Metaspace       used 109832K, capacity 112762K, committed 115584K, reserved 1150976K
  class space    used 11431K, capacity 12573K, committed 13440K, reserved 1048576K
}
Event: 97296.501 GC heap after
{Heap after GC invocations=331 (full 56):
 garbage-first heap   total 478208K, used 188448K [0x000000075c800000, 0x0000000800000000)
  region size 1024K, 0 young (0K), 0 survivors (0K)
 Metaspace       used 109832K, capacity 112762K, committed 115584K, reserved 1150976K
  class space    used 11431K, capacity 12573K, committed 13440K, reserved 1048576K
}
Event: 99089.133 GC heap before
{Heap before GC invocations=331 (full 56):
 garbage-first heap   total 478208K, used 420896K [0x000000075c800000, 0x0000000800000000)
  region size 1024K, 227 young (232448K), 0 survivors (0K)
 Metaspace       used 109846K, capacity 112762K, committed 115584K, reserved 1150976K
  class space    used 11431K, capacity 12573K, committed 13440K, reserved 1048576K
}
Event: 99089.141 GC heap after
{Heap after GC invocations=332 (full 56):
 garbage-first heap   total 478208K, used 190211K [0x000000075c800000, 0x0000000800000000)
  region size 1024K, 2 young (2048K), 2 survivors (2048K)
 Metaspace       used 109846K, capacity 112762K, committed 115584K, reserved 1150976K
  class space    used 11431K, capacity 12573K, committed 13440K, reserved 1048576K
}
Event: 99091.129 GC heap before
{Heap before GC invocations=332 (full 56):
 garbage-first heap   total 478208K, used 420611K [0x000000075c800000, 0x0000000800000000)
  region size 1024K, 227 young (232448K), 2 survivors (2048K)
 Metaspace       used 109846K, capacity 112762K, committed 115584K, reserved 1150976K
  class space    used 11431K, capacity 12573K, committed 13440K, reserved 1048576K
}
Event: 99091.142 GC heap after
{Heap after GC invocations=333 (full 56):
 garbage-first heap   total 478208K, used 191423K [0x000000075c800000, 0x0000000800000000)
  region size 1024K, 3 young (3072K), 3 survivors (3072K)
 Metaspace       used 109846K, capacity 112762K, committed 115584K, reserved 1150976K
  class space    used 11431K, capacity 12573K, committed 13440K, reserved 1048576K
}
Event: 99093.809 GC heap before
{Heap before GC invocations=333 (full 56):
 garbage-first heap   total 478208K, used 420799K [0x000000075c800000, 0x0000000800000000)
  region size 1024K, 226 young (231424K), 3 survivors (3072K)
 Metaspace       used 109846K, capacity 112762K, committed 115584K, reserved 1150976K
  class space    used 11431K, capacity 12573K, committed 13440K, reserved 1048576K
}
Event: 99093.819 GC heap after
{Heap after GC invocations=334 (full 56):
 garbage-first heap   total 478208K, used 190940K [0x000000075c800000, 0x0000000800000000)
  region size 1024K, 2 young (2048K), 2 survivors (2048K)
 Metaspace       used 109846K, capacity 112762K, committed 115584K, reserved 1150976K
  class space    used 11431K, capacity 12573K, committed 13440K, reserved 1048576K
}
Event: 99096.037 GC heap before
{Heap before GC invocations=334 (full 56):
 garbage-first heap   total 478208K, used 328156K [0x000000075c800000, 0x0000000800000000)
  region size 1024K, 137 young (140288K), 2 survivors (2048K)
 Metaspace       used 109846K, capacity 112762K, committed 115584K, reserved 1150976K
  class space    used 11431K, capacity 12573K, committed 13440K, reserved 1048576K
}
Event: 99096.388 GC heap after
{Heap after GC invocations=335 (full 57):
 garbage-first heap   total 478208K, used 188455K [0x000000075c800000, 0x0000000800000000)
  region size 1024K, 0 young (0K), 0 survivors (0K)
 Metaspace       used 109846K, capacity 112762K, committed 115584K, reserved 1150976K
  class space    used 11431K, capacity 12573K, committed 13440K, reserved 1048576K
}
Event: 100889.050 GC heap before
{Heap before GC invocations=335 (full 57):
 garbage-first heap   total 478208K, used 420903K [0x000000075c800000, 0x0000000800000000)
  region size 1024K, 227 young (232448K), 0 survivors (0K)
 Metaspace       used 109846K, capacity 112762K, committed 115584K, reserved 1150976K
  class space    used 11431K, capacity 12573K, committed 13440K, reserved 1048576K
}
Event: 100889.058 GC heap after
{Heap after GC invocations=336 (full 57):
 garbage-first heap   total 478208K, used 190236K [0x000000075c800000, 0x0000000800000000)
  region size 1024K, 2 young (2048K), 2 survivors (2048K)
 Metaspace       used 109846K, capacity 112762K, committed 115584K, reserved 1150976K
  class space    used 11431K, capacity 12573K, committed 13440K, reserved 1048576K
}
Event: 100891.069 GC heap before
{Heap before GC invocations=336 (full 57):
 garbage-first heap   total 478208K, used 420636K [0x000000075c800000, 0x0000000800000000)
  region size 1024K, 227 young (232448K), 2 survivors (2048K)
 Metaspace       used 109846K, capacity 112762K, committed 115584K, reserved 1150976K
  class space    used 11431K, capacity 12573K, committed 13440K, reserved 1048576K
}
Event: 100891.079 GC heap after
{Heap after GC invocations=337 (full 57):
 garbage-first heap   total 478208K, used 191299K [0x000000075c800000, 0x0000000800000000)
  region size 1024K, 3 young (3072K), 3 survivors (3072K)
 Metaspace       used 109846K, capacity 112762K, committed 115584K, reserved 1150976K
  class space    used 11431K, capacity 12573K, committed 13440K, reserved 1048576K
}
Event: 100893.940 GC heap before
{Heap before GC invocations=337 (full 57):
 garbage-first heap   total 478208K, used 420675K [0x000000075c800000, 0x0000000800000000)
  region size 1024K, 226 young (231424K), 3 survivors (3072K)
 Metaspace       used 109846K, capacity 112762K, committed 115584K, reserved 1150976K
  class space    used 11431K, capacity 12573K, committed 13440K, reserved 1048576K
}
Event: 100893.947 GC heap after
{Heap after GC invocations=338 (full 57):
 garbage-first heap   total 478208K, used 190936K [0x000000075c800000, 0x0000000800000000)
  region size 1024K, 2 young (2048K), 2 survivors (2048K)
 Metaspace       used 109846K, capacity 112762K, committed 115584K, reserved 1150976K
  class space    used 11431K, capacity 12573K, committed 13440K, reserved 1048576K
}
Event: 100896.163 GC heap before
{Heap before GC invocations=338 (full 57):
 garbage-first heap   total 478208K, used 330200K [0x000000075c800000, 0x0000000800000000)
  region size 1024K, 139 young (142336K), 2 survivors (2048K)
 Metaspace       used 109846K, capacity 112762K, committed 115584K, reserved 1150976K
  class space    used 11431K, capacity 12573K, committed 13440K, reserved 1048576K
}
Event: 100896.533 GC heap after
{Heap after GC invocations=339 (full 58):
 garbage-first heap   total 478208K, used 188456K [0x000000075c800000, 0x0000000800000000)
  region size 1024K, 0 young (0K), 0 survivors (0K)
 Metaspace       used 109846K, capacity 112762K, committed 115584K, reserved 1150976K
  class space    used 11431K, capacity 12573K, committed 13440K, reserved 1048576K
}

