# JRE version: OpenJDK Runtime Environment (11.0.17+8) (build 11.0.17+8-post-Ubuntu-1ubuntu218.04)
# Java VM: OpenJDK 64-Bit Server VM (11.0.17+8-post-Ubuntu-1ubuntu218.04, mixed mode, sharing, tiered, compressed oops, g1 gc, linux-amd64)
Heap:
 garbage-first heap   total 608256K, used 478038K [0x000000075c800000, 0x0000000800000000)
  region size 1024K, 57 young (58368K), 3 survivors (3072K)
 Metaspace       used 102902K, capacity 105747K, committed 108760K, reserved 1144832K
  class space    used 10965K, capacity 12071K, committed 13056K, reserved 1048576K
GC Heap History (20 events):
Event: 137789.798 GC heap before
{Heap before GC invocations=403 (full 2):
 garbage-first heap   total 608256K, used 536897K [0x000000075c800000, 0x0000000800000000)
  region size 1024K, 113 young (115712K), 3 survivors (3072K)
 Metaspace       used 102783K, capacity 105616K, committed 108504K, reserved 1144832K
  class space    used 10964K, capacity 12071K, committed 13056K, reserved 1048576K
}
Event: 137789.814 GC heap after
{Heap after GC invocations=404 (full 2):
 garbage-first heap   total 608256K, used 424705K [0x000000075c800000, 0x0000000800000000)
  region size 1024K, 3 young (3072K), 3 survivors (3072K)
 Metaspace       used 102783K, capacity 105616K, committed 108504K, reserved 1144832K
  class space    used 10964K, capacity 12071K, committed 13056K, reserved 1048576K
}
Event: 142002.614 GC heap before
{Heap before GC invocations=405 (full 2):
 garbage-first heap   total 608256K, used 537345K [0x000000075c800000, 0x0000000800000000)
  region size 1024K, 113 young (115712K), 3 survivors (3072K)
 Metaspace       used 102784K, capacity 105616K, committed 108504K, reserved 1144832K
  class space    used 10964K, capacity 12071K, committed 13056K, reserved 1048576K
}
Event: 142002.630 GC heap after
{Heap after GC invocations=406 (full 2):
 garbage-first heap   total 608256K, used 424765K [0x000000075c800000, 0x0000000800000000)
  region size 1024K, 3 young (3072K), 3 survivors (3072K)
 Metaspace       used 102784K, capacity 105616K, committed 108504K, reserved 1144832K
  class space    used 10964K, capacity 12071K, committed 13056K, reserved 1048576K
}
Event: 146274.850 GC heap before
{Heap before GC invocations=406 (full 2):
 garbage-first heap   total 608256K, used 537405K [0x000000075c800000, 0x0000000800000000)
  region size 1024K, 113 young (115712K), 3 survivors (3072K)
 Metaspace       used 102785K, capacity 105616K, committed 108504K, reserved 1144832K
  class space    used 10964K, capacity 12071K, committed 13056K, reserved 1048576K
}
Event: 146274.868 GC heap after
{Heap after GC invocations=407 (full 2):
 garbage-first heap   total 608256K, used 424276K [0x000000075c800000, 0x0000000800000000)
  region size 1024K, 3 young (3072K), 3 survivors (3072K)
 Metaspace       used 102785K, capacity 105616K, committed 108504K, reserved 1144832K
  class space    used 10964K, capacity 12071K, committed 13056K, reserved 1048576K
}
Event: 150485.845 GC heap before
{Heap before GC invocations=408 (full 2):
 garbage-first heap   total 608256K, used 535892K [0x000000075c800000, 0x0000000800000000)
  region size 1024K, 113 young (115712K), 3 survivors (3072K)
 Metaspace       used 102798K, capacity 105628K, committed 108504K, reserved 1144832K
  class space    used 10965K, capacity 12073K, committed 13056K, reserved 1048576K
}
Event: 150485.895 GC heap after
{Heap after GC invocations=409 (full 2):
 garbage-first heap   total 608256K, used 424712K [0x000000075c800000, 0x0000000800000000)
  region size 1024K, 3 young (3072K), 3 survivors (3072K)
 Metaspace       used 102798K, capacity 105628K, committed 108504K, reserved 1144832K
  class space    used 10965K, capacity 12073K, committed 13056K, reserved 1048576K
}
Event: 154647.995 GC heap before
{Heap before GC invocations=409 (full 2):
 garbage-first heap   total 608256K, used 536328K [0x000000075c800000, 0x0000000800000000)
  region size 1024K, 112 young (114688K), 3 survivors (3072K)
 Metaspace       used 102860K, capacity 105694K, committed 108760K, reserved 1144832K
  class space    used 10965K, capacity 12073K, committed 13056K, reserved 1048576K
}
Event: 154648.009 GC heap after
{Heap after GC invocations=410 (full 2):
 garbage-first heap   total 608256K, used 424533K [0x000000075c800000, 0x0000000800000000)
  region size 1024K, 3 young (3072K), 3 survivors (3072K)
 Metaspace       used 102860K, capacity 105694K, committed 108760K, reserved 1144832K
  class space    used 10965K, capacity 12073K, committed 13056K, reserved 1048576K
}
Event: 158856.516 GC heap before
{Heap before GC invocations=411 (full 2):
 garbage-first heap   total 608256K, used 537173K [0x000000075c800000, 0x0000000800000000)
  region size 1024K, 113 young (115712K), 3 survivors (3072K)
 Metaspace       used 102855K, capacity 105682K, committed 108760K, reserved 1144832K
  class space    used 10964K, capacity 12071K, committed 13056K, reserved 1048576K
}
Event: 158856.537 GC heap after
{Heap after GC invocations=412 (full 2):
 garbage-first heap   total 608256K, used 424786K [0x000000075c800000, 0x0000000800000000)
  region size 1024K, 3 young (3072K), 3 survivors (3072K)
 Metaspace       used 102855K, capacity 105682K, committed 108760K, reserved 1144832K
  class space    used 10964K, capacity 12071K, committed 13056K, reserved 1048576K
}
Event: 163091.993 GC heap before
{Heap before GC invocations=412 (full 2):
 garbage-first heap   total 608256K, used 537426K [0x000000075c800000, 0x0000000800000000)
  region size 1024K, 113 young (115712K), 3 survivors (3072K)
 Metaspace       used 102862K, capacity 105682K, committed 108760K, reserved 1144832K
  class space    used 10965K, capacity 12071K, committed 13056K, reserved 1048576K
}
Event: 163092.017 GC heap after
{Heap after GC invocations=413 (full 2):
 garbage-first heap   total 608256K, used 424791K [0x000000075c800000, 0x0000000800000000)
  region size 1024K, 3 young (3072K), 3 survivors (3072K)
 Metaspace       used 102862K, capacity 105682K, committed 108760K, reserved 1144832K
  class space    used 10965K, capacity 12071K, committed 13056K, reserved 1048576K
}
Event: 167328.783 GC heap before
{Heap before GC invocations=414 (full 2):
 garbage-first heap   total 608256K, used 537431K [0x000000075c800000, 0x0000000800000000)
  region size 1024K, 113 young (115712K), 3 survivors (3072K)
 Metaspace       used 102864K, capacity 105682K, committed 108760K, reserved 1144832K
  class space    used 10965K, capacity 12071K, committed 13056K, reserved 1048576K
}
Event: 167328.810 GC heap after
{Heap after GC invocations=415 (full 2):
 garbage-first heap   total 608256K, used 424300K [0x000000075c800000, 0x0000000800000000)
  region size 1024K, 3 young (3072K), 3 survivors (3072K)
 Metaspace       used 102864K, capacity 105682K, committed 108760K, reserved 1144832K
  class space    used 10965K, capacity 12071K, committed 13056K, reserved 1048576K
}
Event: 171538.192 GC heap before
{Heap before GC invocations=415 (full 2):
 garbage-first heap   total 608256K, used 536940K [0x000000075c800000, 0x0000000800000000)
  region size 1024K, 113 young (115712K), 3 survivors (3072K)
 Metaspace       used 102864K, capacity 105682K, committed 108760K, reserved 1144832K
  class space    used 10965K, capacity 12071K, committed 13056K, reserved 1048576K
}
Event: 171538.207 GC heap after
{Heap after GC invocations=416 (full 2):
 garbage-first heap   total 608256K, used 424749K [0x000000075c800000, 0x0000000800000000)
  region size 1024K, 3 young (3072K), 3 survivors (3072K)
 Metaspace       used 102864K, capacity 105682K, committed 108760K, reserved 1144832K
  class space    used 10965K, capacity 12071K, committed 13056K, reserved 1048576K
}
Event: 175749.374 GC heap before
{Heap before GC invocations=417 (full 2):
 garbage-first heap   total 608256K, used 537389K [0x000000075c800000, 0x0000000800000000)
  region size 1024K, 113 young (115712K), 3 survivors (3072K)
 Metaspace       used 102864K, capacity 105682K, committed 108760K, reserved 1144832K
  class space    used 10965K, capacity 12071K, committed 13056K, reserved 1048576K
}
Event: 175749.520 GC heap after
{Heap after GC invocations=418 (full 2):
 garbage-first heap   total 608256K, used 424790K [0x000000075c800000, 0x0000000800000000)
  region size 1024K, 3 young (3072K), 3 survivors (3072K)
 Metaspace       used 102864K, capacity 105682K, committed 108760K, reserved 1144832K
  class space    used 10965K, capacity 12071K, committed 13056K, reserved 1048576K
}

